<?xml version="1.0" encoding="UTF-8"?>
<testsuite xmlns:xsi="http://www.w3.org/2001/XMLSchema-instance" xsi:noNamespaceSchemaLocation="https://maven.apache.org/surefire/maven-surefire-plugin/xsd/surefire-test-report-3.0.xsd" version="3.0" name="Task3.Task3Test" time="0.244" tests="17" errors="0" skipped="0" failures="0">
  <properties>
    <property name="java.specification.version" value="16"/>
    <property name="sun.cpu.isalist" value="amd64"/>
    <property name="sun.jnu.encoding" value="Cp1251"/>
    <property name="java.class.path" value="C:\Курсач Исы 2 этап\IS-Coursework\Lab1TPS\target\test-classes;C:\Курсач Исы 2 этап\IS-Coursework\Lab1TPS\target\classes;C:\Users\basti\.m2\repository\junit\junit\4.13.1\junit-4.13.1.jar;C:\Users\basti\.m2\repository\org\hamcrest\hamcrest-core\1.3\hamcrest-core-1.3.jar;C:\Users\basti\.m2\repository\org\junit\jupiter\junit-jupiter\5.8.1\junit-jupiter-5.8.1.jar;C:\Users\basti\.m2\repository\org\junit\jupiter\junit-jupiter-api\5.8.1\junit-jupiter-api-5.8.1.jar;C:\Users\basti\.m2\repository\org\opentest4j\opentest4j\1.2.0\opentest4j-1.2.0.jar;C:\Users\basti\.m2\repository\org\junit\platform\junit-platform-commons\1.8.1\junit-platform-commons-1.8.1.jar;C:\Users\basti\.m2\repository\org\apiguardian\apiguardian-api\1.1.2\apiguardian-api-1.1.2.jar;C:\Users\basti\.m2\repository\org\junit\jupiter\junit-jupiter-params\5.8.1\junit-jupiter-params-5.8.1.jar;C:\Users\basti\.m2\repository\org\junit\jupiter\junit-jupiter-engine\5.8.1\junit-jupiter-engine-5.8.1.jar;C:\Users\basti\.m2\repository\org\junit\platform\junit-platform-engine\1.8.1\junit-platform-engine-1.8.1.jar;"/>
    <property name="java.vm.vendor" value="Oracle Corporation"/>
    <property name="sun.arch.data.model" value="64"/>
    <property name="user.variant" value=""/>
    <property name="java.vendor.url" value="https://java.oracle.com/"/>
    <property name="user.timezone" value="Europe/Moscow"/>
    <property name="os.name" value="Windows 10"/>
    <property name="java.vm.specification.version" value="16"/>
    <property name="sun.java.launcher" value="SUN_STANDARD"/>
    <property name="user.country" value="RU"/>
    <property name="sun.boot.library.path" value="C:\Program Files\Java\jdk-16.0.2\bin"/>
    <property name="sun.java.command" value="C:\Users\basti\AppData\Local\Temp\surefire14230339897579956646\surefirebooter9952995596642905330.jar C:\Users\basti\AppData\Local\Temp\surefire14230339897579956646 2025-03-28T20-24-06_740-jvmRun1 surefire10470559855246126357tmp surefire_016587062340522455693tmp"/>
    <property name="jdk.debug" value="release"/>
    <property name="surefire.test.class.path" value="C:\Курсач Исы 2 этап\IS-Coursework\Lab1TPS\target\test-classes;C:\Курсач Исы 2 этап\IS-Coursework\Lab1TPS\target\classes;C:\Users\basti\.m2\repository\junit\junit\4.13.1\junit-4.13.1.jar;C:\Users\basti\.m2\repository\org\hamcrest\hamcrest-core\1.3\hamcrest-core-1.3.jar;C:\Users\basti\.m2\repository\org\junit\jupiter\junit-jupiter\5.8.1\junit-jupiter-5.8.1.jar;C:\Users\basti\.m2\repository\org\junit\jupiter\junit-jupiter-api\5.8.1\junit-jupiter-api-5.8.1.jar;C:\Users\basti\.m2\repository\org\opentest4j\opentest4j\1.2.0\opentest4j-1.2.0.jar;C:\Users\basti\.m2\repository\org\junit\platform\junit-platform-commons\1.8.1\junit-platform-commons-1.8.1.jar;C:\Users\basti\.m2\repository\org\apiguardian\apiguardian-api\1.1.2\apiguardian-api-1.1.2.jar;C:\Users\basti\.m2\repository\org\junit\jupiter\junit-jupiter-params\5.8.1\junit-jupiter-params-5.8.1.jar;C:\Users\basti\.m2\repository\org\junit\jupiter\junit-jupiter-engine\5.8.1\junit-jupiter-engine-5.8.1.jar;C:\Users\basti\.m2\repository\org\junit\platform\junit-platform-engine\1.8.1\junit-platform-engine-1.8.1.jar;"/>
    <property name="sun.cpu.endian" value="little"/>
    <property name="user.home" value="C:\Users\basti"/>
    <property name="user.language" value="ru"/>
    <property name="java.specification.vendor" value="Oracle Corporation"/>
    <property name="java.version.date" value="2021-07-20"/>
    <property name="java.home" value="C:\Program Files\Java\jdk-16.0.2"/>
    <property name="file.separator" value="\"/>
    <property name="basedir" value="C:\Курсач Исы 2 этап\IS-Coursework\Lab1TPS"/>
    <property name="java.vm.compressedOopsMode" value="Zero based"/>
    <property name="line.separator" value="&#10;"/>
    <property name="java.vm.specification.vendor" value="Oracle Corporation"/>
    <property name="java.specification.name" value="Java Platform API Specification"/>
    <property name="surefire.real.class.path" value="C:\Users\basti\AppData\Local\Temp\surefire14230339897579956646\surefirebooter9952995596642905330.jar"/>
    <property name="user.script" value=""/>
    <property name="sun.management.compiler" value="HotSpot 64-Bit Tiered Compilers"/>
    <property name="java.runtime.version" value="16.0.2+7-67"/>
    <property name="user.name" value="basti"/>
    <property name="path.separator" value=";"/>
    <property name="os.version" value="10.0"/>
    <property name="java.runtime.name" value="Java(TM) SE Runtime Environment"/>
    <property name="file.encoding" value="Cp1251"/>
    <property name="java.vm.name" value="Java HotSpot(TM) 64-Bit Server VM"/>
    <property name="localRepository" value="C:\Users\basti\.m2\repository"/>
    <property name="java.vendor.url.bug" value="https://bugreport.java.com/bugreport/"/>
    <property name="java.io.tmpdir" value="C:\Users\basti\AppData\Local\Temp\"/>
    <property name="idea.version" value="2022.2.3"/>
    <property name="java.version" value="16.0.2"/>
    <property name="user.dir" value="C:\Курсач Исы 2 этап\IS-Coursework\Lab1TPS"/>
    <property name="os.arch" value="amd64"/>
    <property name="java.vm.specification.name" value="Java Virtual Machine Specification"/>
    <property name="sun.os.patch.level" value=""/>
    <property name="java.library.path" value="C:\Program Files\Java\jdk-16.0.2\bin;C:\WINDOWS\Sun\Java\bin;C:\WINDOWS\system32;C:\WINDOWS;C:\Program Files\Python310\Scripts\;C:\Program Files\Python310\;C:\WINDOWS\system32;C:\WINDOWS;C:\WINDOWS\System32\Wbem;C:\WINDOWS\System32\WindowsPowerShell\v1.0\;C:\WINDOWS\System32\OpenSSH\;C:\Program Files\Java\jdk-18.0.2.1\bin;C:\Program Files\Git\cmd;C:\Program Files\PuTTY\;C:\php;C:\Program Files\nodejs\;C:\Program Files\HP\HP One Agent;C:\Program Files\swipl\bin;C:\Program Files\CMake\bin;C:\Program Files (x86)\Windows Kits\10\Windows Performance Toolkit\;C:\Program Files (x86)\Microsoft SQL Server\110\Tools\Binn\;C:\Program Files (x86)\Microsoft SQL Server\110\DTS\Binn\;C:\WINDOWS\system32;C:\WINDOWS;C:\WINDOWS\System32\Wbem;C:\WINDOWS\System32\WindowsPowerShell\v1.0\;C:\WINDOWS\System32\OpenSSH\;C:\Program Files\Docker\Docker\resources\bin;C:\mingw64\bin;C:\Users\basti\AppData\Local\Microsoft\WindowsApps;C:\Program Files\JetBrains\IntelliJ IDEA 2024.2.2\bin;;C:\Users\basti\AppData\Local\Programs\Microsoft VS Code\bin;C:\Program Files\JetBrains\CLion 2023.3.2\bin;;C:\Users\basti\AppData\Roaming\npm;C:\Program Files\JetBrains\PyCharm Community Edition 2023.3.4\bin;;C:\Program Files\apache-ant-1.9.16\bin;C:\Program Files (x86)\GnuWin32\bin;C:\Program Files (x86)\eigen-3.4.0;C:\windows_10_cmake_Release_Graphviz-12.2.1-win64\Graphviz-12.2.1-win64\bin;;."/>
    <property name="java.vm.info" value="mixed mode, sharing"/>
    <property name="java.vendor" value="Oracle Corporation"/>
    <property name="java.vm.version" value="16.0.2+7-67"/>
    <property name="sun.io.unicode.encoding" value="UnicodeLittle"/>
    <property name="java.class.version" value="60.0"/>
  </properties>
  <testcase name="testSocietyCreation" classname="Task3.Task3Test" time="0.004"/>
  <testcase name="testSetAndGetEmotionName" classname="Task3.Task3Test" time="0.002"/>
  <testcase name="testEmotionCreation(String)[1]" classname="Task3.Task3Test" time="0.047"/>
  <testcase name="testEmotionCreation(String)[2]" classname="Task3.Task3Test" time="0.002"/>
  <testcase name="testEmotionCreation(String)[3]" classname="Task3.Task3Test" time="0.002"/>
  <testcase name="testEmotionCreation(String)[4]" classname="Task3.Task3Test" time="0.001"/>
  <testcase name="testMarvinExpressEmotionNone" classname="Task3.Task3Test" time="0.009"/>
  <testcase name="testMarvinCreation" classname="Task3.Task3Test" time="0.002"/>
  <testcase name="testSetAndGetIntonation" classname="Task3.Task3Test" time="0.001"/>
  <testcase name="testIntonationCreation(String, int, boolean)[1]" classname="Task3.Task3Test" time="0.003"/>
  <testcase name="testIntonationCreation(String, int, boolean)[2]" classname="Task3.Task3Test" time="0.001"/>
  <testcase name="testIntonationCreation(String, int, boolean)[3]" classname="Task3.Task3Test" time="0.001"/>
  <testcase name="testMarvinExpressEmotionParameterized(String, String, int, boolean, String)[1]" classname="Task3.Task3Test" time="0.002"/>
  <testcase name="testMarvinExpressEmotionParameterized(String, String, int, boolean, String)[2]" classname="Task3.Task3Test" time="0.002"/>
  <testcase name="testSetAndGetIntonationAttributes" classname="Task3.Task3Test" time="0.001"/>
  <testcase name="testSetAndGetSocietyName" classname="Task3.Task3Test" time="0.003"/>
  <testcase name="testMarvinExpressEmotionMultiple" classname="Task3.Task3Test" time="0.001"/>
</testsuite>